<?xml version="1.0" encoding="UTF-8"?>
<!-- Generated by org.testng.reporters.JUnitXMLReporter -->
<testsuite ignored="0" hostname="EC2AMAZ-S11DBRH" failures="2" tests="2" name="Default test(failed)" time="7.777" errors="0" timestamp="2023-07-18T05:23:00 GMT">
  <testcase classname="testScripts.GooglePageTest" name="javasearchtest" time="1.908">
    <failure type="java.lang.AssertionError" message="expected [Java Tutorial- Google Search] but found [Google]">
      <![CDATA[java.lang.AssertionError: expected [Java Tutorial- Google Search] but found [Google]
at testScripts.GooglePageTest.javasearchtest(GooglePageTest.java:37)
at java.base/java.util.ArrayList.forEach(ArrayList.java:1511)
... Removed 33 stack frames]]>
    </failure>
  </testcase> <!-- javasearchtest -->
  <testcase classname="testScripts.GooglePageTest" name="seleniumsearchtest" time="0.914">
    <failure type="java.lang.AssertionError" message="expected [Selenium Tutorial- Google Search] but found [Google]">
      <![CDATA[java.lang.AssertionError: expected [Selenium Tutorial- Google Search] but found [Google]
at testScripts.GooglePageTest.seleniumsearchtest(GooglePageTest.java:48)
at java.base/java.util.ArrayList.forEach(ArrayList.java:1511)
... Removed 33 stack frames]]>
    </failure>
  </testcase> <!-- seleniumsearchtest -->
</testsuite> <!-- Default test(failed) -->
