<?xml version="1.0" encoding="UTF-8"?>
<!-- Generated by org.testng.reporters.JUnitXMLReporter -->
<testsuite ignored="0" hostname="EC2AMAZ-S11DBRH" failures="0" tests="9" name="Default test" time="0.106" errors="0" timestamp="2023-07-18T08:19:04 GMT">
  <testcase classname="parllelScripts.SampleOneTest" name="testFour" time="0.019"/>
  <testcase classname="parllelScripts.SampleOneTest" name="testFour" time="0.019"/>
  <testcase classname="parllelScripts.SampleOneTest" name="testFour" time="0.02"/>
  <testcase classname="parllelScripts.SampleOneTest" name="testFour" time="0.003"/>
  <testcase classname="parllelScripts.SampleOneTest" name="testFour" time="0.007"/>
  <testcase classname="parllelScripts.SampleOneTest" name="testFour" time="0.005"/>
  <testcase classname="parllelScripts.SampleOneTest" name="testOne" time="0.002"/>
  <testcase classname="parllelScripts.SampleOneTest" name="testThree" time="0.002"/>
  <testcase classname="parllelScripts.SampleOneTest" name="testTwo" time="0.002"/>
</testsuite> <!-- Default test -->
