<?xml version="1.0" encoding="UTF-8"?>
<!-- Generated by org.testng.reporters.JUnitXMLReporter -->
<testsuite ignored="0" hostname="EC2AMAZ-S11DBRH" failures="0" tests="4" name="ModuleTest" time="0.075" errors="0" timestamp="2023-07-18T08:01:51 GMT">
  <testcase classname="parllelScripts.SampleOneTest" name="testOne" time="0.012"/>
  <testcase classname="parllelScripts.SampleOneTest" name="testFour" time="0.012"/>
  <testcase classname="parllelScripts.SampleOneTest" name="testThree" time="0.006"/>
  <testcase classname="parllelScripts.SampleOneTest" name="testTwo" time="0.004"/>
</testsuite> <!-- ModuleTest -->
