<?xml version="1.0" encoding="UTF-8"?>
<!-- Generated by org.testng.reporters.JUnitXMLReporter -->
<testsuite ignored="0" hostname="EC2AMAZ-S11DBRH" failures="0" tests="4" name="ModuleTwoTest" time="0.071" errors="0" timestamp="2023-07-19T05:50:22 GMT">
  <testcase classname="parllelScripts.SampleThreeTest" name="testFour" time="0.008"/>
  <testcase classname="parllelScripts.SampleThreeTest" name="testOne" time="0.004"/>
  <testcase classname="parllelScripts.SampleThreeTest" name="testThree" time="0.003"/>
  <testcase classname="parllelScripts.SampleThreeTest" name="testTwo" time="0.005"/>
</testsuite> <!-- ModuleTwoTest -->
