<?xml version="1.0" encoding="UTF-8"?>
<!-- Generated by org.testng.reporters.JUnitXMLReporter -->
<testsuite ignored="0" hostname="EC2AMAZ-S11DBRH" failures="0" tests="8" name="ModuleOneTest" time="0.111" errors="0" timestamp="2023-07-18T08:05:27 GMT">
  <testcase classname="parllelScripts.SampleOneTest" name="testFour" time="0.01"/>
  <testcase classname="parllelScripts.SampleOneTest" name="testOne" time="0.002"/>
  <testcase classname="parllelScripts.SampleOneTest" name="testThree" time="0.002"/>
  <testcase classname="parllelScripts.SampleOneTest" name="testTwo" time="0.004"/>
  <testcase classname="parllelScripts.SampleTwoTest" name="testFour" time="0.009"/>
  <testcase classname="parllelScripts.SampleTwoTest" name="testOne" time="0.003"/>
  <testcase classname="parllelScripts.SampleTwoTest" name="testThree" time="0.005"/>
  <testcase classname="parllelScripts.SampleTwoTest" name="testTwo" time="0.002"/>
</testsuite> <!-- ModuleOneTest -->
