<?xml version="1.0" encoding="UTF-8"?>
<testng-results ignored="0" total="9" passed="9" failed="0" skipped="0">
  <reporter-output>
  </reporter-output>
  <suite started-at="2023-07-18T08:19:04 GMT" name="Default suite" finished-at="2023-07-18T08:19:04 GMT" duration-ms="106">
    <groups>
    </groups>
    <test started-at="2023-07-18T08:19:04 GMT" name="Default test" finished-at="2023-07-18T08:19:04 GMT" duration-ms="106">
      <class name="parllelScripts.SampleOneTest">
        <test-method signature="testFour()[pri:0, instance:parllelScripts.SampleOneTest@74455848]" started-at="2023-07-18T08:19:04 GMT" name="testFour" finished-at="2023-07-18T08:19:04 GMT" duration-ms="20" status="PASS">
          <reporter-output>
          </reporter-output>
        </test-method> <!-- testFour -->
        <test-method signature="testFour()[pri:0, instance:parllelScripts.SampleOneTest@74455848]" started-at="2023-07-18T08:19:04 GMT" name="testFour" finished-at="2023-07-18T08:19:04 GMT" duration-ms="19" status="PASS">
          <reporter-output>
          </reporter-output>
        </test-method> <!-- testFour -->
        <test-method signature="testFour()[pri:0, instance:parllelScripts.SampleOneTest@74455848]" started-at="2023-07-18T08:19:04 GMT" name="testFour" finished-at="2023-07-18T08:19:04 GMT" duration-ms="19" status="PASS">
          <reporter-output>
          </reporter-output>
        </test-method> <!-- testFour -->
        <test-method signature="testFour()[pri:0, instance:parllelScripts.SampleOneTest@74455848]" started-at="2023-07-18T08:19:04 GMT" name="testFour" finished-at="2023-07-18T08:19:04 GMT" duration-ms="7" status="PASS">
          <reporter-output>
          </reporter-output>
        </test-method> <!-- testFour -->
        <test-method signature="testFour()[pri:0, instance:parllelScripts.SampleOneTest@74455848]" started-at="2023-07-18T08:19:04 GMT" name="testFour" finished-at="2023-07-18T08:19:04 GMT" duration-ms="3" status="PASS">
          <reporter-output>
          </reporter-output>
        </test-method> <!-- testFour -->
        <test-method signature="testFour()[pri:0, instance:parllelScripts.SampleOneTest@74455848]" started-at="2023-07-18T08:19:04 GMT" name="testFour" finished-at="2023-07-18T08:19:04 GMT" duration-ms="5" status="PASS">
          <reporter-output>
          </reporter-output>
        </test-method> <!-- testFour -->
        <test-method signature="testOne()[pri:0, instance:parllelScripts.SampleOneTest@74455848]" started-at="2023-07-18T08:19:04 GMT" name="testOne" finished-at="2023-07-18T08:19:04 GMT" duration-ms="2" status="PASS">
          <reporter-output>
          </reporter-output>
        </test-method> <!-- testOne -->
        <test-method signature="testThree()[pri:0, instance:parllelScripts.SampleOneTest@74455848]" started-at="2023-07-18T08:19:04 GMT" name="testThree" finished-at="2023-07-18T08:19:04 GMT" duration-ms="2" status="PASS">
          <reporter-output>
          </reporter-output>
        </test-method> <!-- testThree -->
        <test-method signature="testTwo()[pri:0, instance:parllelScripts.SampleOneTest@74455848]" started-at="2023-07-18T08:19:04 GMT" name="testTwo" finished-at="2023-07-18T08:19:04 GMT" duration-ms="2" status="PASS">
          <reporter-output>
          </reporter-output>
        </test-method> <!-- testTwo -->
      </class> <!-- parllelScripts.SampleOneTest -->
    </test> <!-- Default test -->
  </suite> <!-- Default suite -->
</testng-results>
